\BOOKMARK [1][-]{section.1}{\376\377\000I\000n\000t\000r\000o\000d\000u\000c\000t\000i\000o\000n}{}% 1
\BOOKMARK [1][-]{section.2}{\376\377\000R\000e\000l\000a\000t\000e\000d\000\040\000W\000o\000r\000k}{}% 2
\BOOKMARK [2][-]{subsection.2.1}{\376\377\000N\000e\000u\000r\000a\000l\000\040\000S\000t\000y\000l\000e\000\040\000T\000r\000a\000n\000s\000f\000e\000r}{section.2}% 3
\BOOKMARK [2][-]{subsection.2.2}{\376\377\000G\000A\000N\000-\000B\000a\000s\000e\000d\000\040\000S\000t\000y\000l\000e\000\040\000T\000r\000a\000n\000s\000f\000e\000r}{section.2}% 4
\BOOKMARK [2][-]{subsection.2.3}{\376\377\000D\000i\000f\000f\000u\000s\000i\000o\000n\000-\000B\000a\000s\000e\000d\000\040\000S\000t\000y\000l\000e\000\040\000T\000r\000a\000n\000s\000f\000e\000r}{section.2}% 5
\BOOKMARK [2][-]{subsection.2.4}{\376\377\000C\000o\000n\000d\000i\000t\000i\000o\000n\000a\000l\000\040\000C\000o\000n\000t\000r\000o\000l\000\040\000i\000n\000\040\000D\000i\000f\000f\000u\000s\000i\000o\000n\000\040\000M\000o\000d\000e\000l\000s}{section.2}% 6
\BOOKMARK [1][-]{section.3}{\376\377\000M\000e\000t\000h\000o\000d}{}% 7
\BOOKMARK [2][-]{subsection.3.1}{\376\377\000O\000v\000e\000r\000a\000l\000l\000\040\000F\000r\000a\000m\000e\000w\000o\000r\000k}{section.3}% 8
\BOOKMARK [2][-]{subsection.3.2}{\376\377\000S\000e\000l\000e\000c\000t\000i\000v\000e\000\040\000K\000V\000\040\000F\000u\000s\000i\000o\000n}{section.3}% 9
\BOOKMARK [3][-]{subsubsection.3.2.1}{\376\377\000S\000e\000l\000f\000-\000A\000t\000t\000e\000n\000t\000i\000o\000n\000\040\000R\000e\000c\000a\000p}{subsection.3.2}% 10
\BOOKMARK [3][-]{subsubsection.3.2.2}{\376\377\000W\000e\000i\000g\000h\000t\000e\000d\000\040\000K\000V\000\040\000F\000u\000s\000i\000o\000n}{subsection.3.2}% 11
\BOOKMARK [3][-]{subsubsection.3.2.3}{\376\377\000T\000a\000r\000g\000e\000t\000\040\000B\000l\000o\000c\000k\000\040\000a\000n\000d\000\040\000P\000r\000o\000c\000e\000s\000s\000o\000r\000\040\000S\000e\000l\000e\000c\000t\000i\000o\000n}{subsection.3.2}% 12
\BOOKMARK [2][-]{subsection.3.3}{\376\377\000C\000r\000o\000s\000s\000-\000M\000o\000d\000a\000l\000\040\000A\000d\000a\000I\000N\000\040\000f\000o\000r\000\040\000T\000e\000x\000t\000\040\000a\000n\000d\000\040\000I\000m\000a\000g\000e\000\040\000C\000o\000n\000d\000i\000t\000i\000o\000n\000s}{section.3}% 13
\BOOKMARK [2][-]{subsection.3.4}{\376\377\000C\000o\000n\000t\000r\000o\000l\000N\000e\000t\000\040\000I\000n\000t\000e\000g\000r\000a\000t\000i\000o\000n}{section.3}% 14
\BOOKMARK [2][-]{subsection.3.5}{\376\377\000I\000n\000f\000e\000r\000e\000n\000c\000e}{section.3}% 15
\BOOKMARK [1][-]{section.4}{\376\377\000E\000x\000p\000e\000r\000i\000m\000e\000n\000t\000s\000\040\000a\000n\000d\000\040\000R\000e\000s\000u\000l\000t\000s}{}% 16
\BOOKMARK [2][-]{subsection.4.1}{\376\377\000E\000x\000p\000e\000r\000i\000m\000e\000n\000t\000a\000l\000\040\000S\000e\000t\000u\000p}{section.4}% 17
\BOOKMARK [3][-]{subsubsection.4.1.1}{\376\377\000D\000a\000t\000a\000s\000e\000t\000s}{subsection.4.1}% 18
\BOOKMARK [3][-]{subsubsection.4.1.2}{\376\377\000E\000v\000a\000l\000u\000a\000t\000i\000o\000n\000\040\000M\000e\000t\000r\000i\000c\000s}{subsection.4.1}% 19
\BOOKMARK [3][-]{subsubsection.4.1.3}{\376\377\000H\000a\000r\000d\000w\000a\000r\000e\000\040\000C\000o\000n\000f\000i\000g\000u\000r\000a\000t\000i\000o\000n\000\040\000a\000n\000d\000\040\000H\000y\000p\000e\000r\000p\000a\000r\000a\000m\000e\000t\000e\000r\000s}{subsection.4.1}% 20
\BOOKMARK [2][-]{subsection.4.2}{\376\377\000M\000e\000t\000h\000o\000d\000\040\000V\000a\000r\000i\000a\000n\000t\000\040\000D\000e\000s\000i\000g\000n}{section.4}% 21
\BOOKMARK [2][-]{subsection.4.3}{\376\377\000Q\000u\000a\000n\000t\000i\000t\000a\000t\000i\000v\000e\000\040\000R\000e\000s\000u\000l\000t\000s}{section.4}% 22
\BOOKMARK [2][-]{subsection.4.4}{\376\377\000G\000a\000m\000m\000a\000\040\000I\000n\000t\000e\000n\000s\000i\000t\000y\000\040\000C\000o\000e\000f\000f\000i\000c\000i\000e\000n\000t\000\040\000S\000e\000n\000s\000i\000t\000i\000v\000i\000t\000y\000\040\000A\000n\000a\000l\000y\000s\000i\000s}{section.4}% 23
\BOOKMARK [2][-]{subsection.4.5}{\376\377\000Q\000u\000a\000l\000i\000t\000a\000t\000i\000v\000e\000\040\000A\000n\000a\000l\000y\000s\000i\000s\000\040\000o\000f\000\040\000S\000t\000y\000l\000e\000K\000V\000\040\000T\000a\000r\000g\000e\000t\000\040\000P\000r\000o\000c\000e\000s\000s\000o\000r\000\040\000C\000o\000u\000n\000t}{section.4}% 24
\BOOKMARK [2][-]{subsection.4.6}{\376\377\000Q\000u\000a\000l\000i\000t\000a\000t\000i\000v\000e\000\040\000R\000e\000s\000u\000l\000t\000\040\000A\000n\000a\000l\000y\000s\000i\000s}{section.4}% 25
\BOOKMARK [3][-]{subsubsection.4.6.1}{\376\377\000C\000o\000m\000p\000a\000r\000i\000s\000o\000n\000\040\000o\000f\000\040\000D\000i\000f\000f\000e\000r\000e\000n\000t\000\040\000B\000l\000o\000c\000k\000/\000P\000r\000o\000c\000e\000s\000s\000o\000r\000\040\000C\000o\000n\000f\000i\000g\000u\000r\000a\000t\000i\000o\000n\000s\000\040\000a\000n\000d\000\040\000A\000d\000a\000I\000N\000\040\000E\000f\000f\000e\000c\000t\000s}{subsection.4.6}% 26
\BOOKMARK [3][-]{subsubsection.4.6.2}{\376\377\000I\000m\000p\000a\000c\000t\000\040\000o\000f\000\040\000P\000r\000o\000m\000p\000t\000s}{subsection.4.6}% 27
\BOOKMARK [2][-]{subsection.4.7}{\376\377\000K\000e\000y\000\040\000E\000x\000p\000e\000r\000i\000m\000e\000n\000t\000a\000l\000\040\000F\000i\000n\000d\000i\000n\000g\000s}{section.4}% 28
\BOOKMARK [3][-]{subsubsection.4.7.1}{\376\377\000T\000r\000a\000d\000e\000-\000o\000f\000f\000\040\000B\000e\000t\000w\000e\000e\000n\000\040\000C\000a\000n\000n\000y\000\040\000E\000d\000g\000e\000\040\000M\000a\000p\000\040\000R\000e\000s\000o\000l\000u\000t\000i\000o\000n\000\040\000a\000n\000d\000\040\000I\000n\000f\000e\000r\000e\000n\000c\000e\000\040\000T\000i\000m\000e}{subsection.4.7}% 29
\BOOKMARK [3][-]{subsubsection.4.7.2}{\376\377\000D\000e\000v\000i\000c\000e\000\040\000R\000e\000s\000o\000u\000r\000c\000e\000\040\000C\000o\000n\000s\000t\000r\000a\000i\000n\000t\000s}{subsection.4.7}% 30
\BOOKMARK [1][-]{section.5}{\376\377\000I\000n\000t\000e\000r\000a\000c\000t\000i\000v\000e\000\040\000F\000r\000o\000n\000t\000e\000n\000d}{}% 31
\BOOKMARK [2][-]{subsection.5.1}{\376\377\000F\000r\000o\000n\000t\000e\000n\000d\000\040\000F\000u\000n\000c\000t\000i\000o\000n\000a\000l\000\040\000M\000o\000d\000u\000l\000e\000s}{section.5}% 32
\BOOKMARK [2][-]{subsection.5.2}{\376\377\000F\000r\000o\000n\000t\000e\000n\000d\000\040\000F\000e\000a\000t\000u\000r\000e\000s\000\040\000a\000n\000d\000\040\000V\000a\000l\000u\000e}{section.5}% 33
\BOOKMARK [1][-]{section.6}{\376\377\000F\000u\000t\000u\000r\000e\000\040\000W\000o\000r\000k}{}% 34
\BOOKMARK [2][-]{subsection.6.1}{\376\377\000Q\000u\000a\000n\000t\000i\000t\000a\000t\000i\000v\000e\000\040\000C\000o\000m\000p\000a\000r\000i\000s\000o\000n\000\040\000w\000i\000t\000h\000\040\000E\000x\000i\000s\000t\000i\000n\000g\000\040\000M\000e\000t\000h\000o\000d\000s}{section.6}% 35
\BOOKMARK [2][-]{subsection.6.2}{\376\377\000A\000d\000a\000p\000t\000i\000v\000e\000\040\000C\000a\000n\000n\000y\000\040\000E\000d\000g\000e\000\040\000M\000a\000p\000\040\000G\000e\000n\000e\000r\000a\000t\000i\000o\000n}{section.6}% 36
\BOOKMARK [2][-]{subsection.6.3}{\376\377\000V\000L\000M\000-\000B\000a\000s\000e\000d\000\040\000A\000u\000t\000o\000m\000a\000t\000i\000c\000\040\000P\000r\000o\000m\000p\000t\000\040\000G\000e\000n\000e\000r\000a\000t\000i\000o\000n}{section.6}% 37
\BOOKMARK [2][-]{subsection.6.4}{\376\377\000C\000r\000o\000s\000s\000-\000A\000r\000c\000h\000i\000t\000e\000c\000t\000u\000r\000e\000\040\000A\000d\000a\000p\000t\000a\000t\000i\000o\000n\000\040\000a\000n\000d\000\040\000L\000i\000g\000h\000t\000w\000e\000i\000g\000h\000t\000i\000n\000g}{section.6}% 38
\BOOKMARK [2][-]{subsection.6.5}{\376\377\000I\000n\000c\000o\000r\000p\000o\000r\000a\000t\000i\000n\000g\000\040\000T\000i\000l\000e\000\040\000C\000o\000n\000t\000r\000o\000l\000N\000e\000t}{section.6}% 39
\BOOKMARK [2][-]{subsection.6.6}{\376\377\000P\000r\000o\000c\000e\000s\000s\000o\000r\000-\000L\000e\000v\000e\000l\000\040\000C\000o\000n\000t\000r\000i\000b\000u\000t\000i\000o\000n\000\040\000A\000n\000a\000l\000y\000s\000i\000s}{section.6}% 40
\BOOKMARK [2][-]{subsection.6.7}{\376\377\000M\000u\000l\000t\000i\000-\000C\000o\000n\000d\000i\000t\000i\000o\000n\000\040\000C\000o\000n\000t\000r\000o\000l\000N\000e\000t\000\040\000F\000u\000s\000i\000o\000n}{section.6}% 41
\BOOKMARK [1][-]{section.7}{\376\377\000C\000o\000n\000c\000l\000u\000s\000i\000o\000n\000\040\000a\000n\000d\000\040\000L\000i\000m\000i\000t\000a\000t\000i\000o\000n\000s}{}% 42
\BOOKMARK [2][-]{subsection.7.1}{\376\377\000C\000o\000n\000c\000l\000u\000s\000i\000o\000n}{section.7}% 43
\BOOKMARK [2][-]{subsection.7.2}{\376\377\000L\000i\000m\000i\000t\000a\000t\000i\000o\000n\000s}{section.7}% 44
\BOOKMARK [2][-]{subsection.7.3}{\376\377\000F\000u\000t\000u\000r\000e\000\040\000O\000u\000t\000l\000o\000o\000k}{section.7}% 45
