\BOOKMARK [1][-]{section.1}{\376\377\137\025\212\000}{}% 1
\BOOKMARK [1][-]{section.2}{\376\377\166\370\121\163\135\345\117\134}{}% 2
\BOOKMARK [2][-]{subsection.2.1}{\376\377\171\136\176\317\230\316\150\074\217\301\171\373}{section.2}% 3
\BOOKMARK [2][-]{subsection.2.2}{\376\377\127\372\116\216\000G\000A\000N\166\204\230\316\150\074\217\301\171\373}{section.2}% 4
\BOOKMARK [2][-]{subsection.2.3}{\376\377\127\372\116\216\142\151\145\143\152\041\127\213\166\204\230\316\150\074\217\301\171\373}{section.2}% 5
\BOOKMARK [2][-]{subsection.2.4}{\376\377\142\151\145\143\152\041\127\213\116\055\166\204\147\141\116\366\143\247\122\066}{section.2}% 6
\BOOKMARK [1][-]{section.3}{\376\377\145\271\154\325}{}% 7
\BOOKMARK [2][-]{subsection.3.1}{\376\377\145\164\117\123\150\106\147\266}{section.3}% 8
\BOOKMARK [2][-]{subsection.3.2}{\376\377\220\011\142\351\140\047\000K\000/\000V\146\377\143\142}{section.3}% 9
\BOOKMARK [3][-]{subsubsection.3.2.1}{\376\377\201\352\154\350\141\017\122\233\147\072\122\066\126\336\230\176}{subsection.3.2}% 10
\BOOKMARK [3][-]{subsubsection.3.2.2}{\376\377\000K\000/\000V\122\240\147\103\207\215\124\010}{subsection.3.2}% 11
\BOOKMARK [3][-]{subsubsection.3.2.3}{\376\377\166\356\150\007\127\127\166\204\220\011\142\351}{subsection.3.2}% 12
\BOOKMARK [2][-]{subsection.3.3}{\376\377\122\035\131\313\157\134\123\330\221\317\000A\000d\000a\000I\000N}{section.3}% 13
\BOOKMARK [2][-]{subsection.3.4}{\376\377\000C\000o\000n\000t\000r\000o\000l\000N\000e\000t\226\306\142\020}{section.3}% 14
\BOOKMARK [2][-]{subsection.3.5}{\376\377\133\214\145\164\166\204\142\151\145\143\143\137\131\061}{section.3}% 15
\BOOKMARK [1][-]{section.4}{\376\377\133\236\232\214\116\016\176\323\147\234}{}% 16
\BOOKMARK [2][-]{subsection.4.1}{\376\377\133\236\232\214\213\276\177\156}{section.4}% 17
\BOOKMARK [3][-]{subsubsection.4.1.1}{\376\377\145\160\143\156\226\306}{subsection.4.1}% 18
\BOOKMARK [3][-]{subsubsection.4.1.2}{\376\377\213\304\117\060\143\007\150\007}{subsection.4.1}% 19
\BOOKMARK [3][-]{subsubsection.4.1.3}{\376\377\170\154\116\366\221\115\177\156\116\016\215\205\123\302\145\160}{subsection.4.1}% 20
\BOOKMARK [2][-]{subsection.4.2}{\376\377\145\271\154\325\123\330\117\123\213\276\213\241}{section.4}% 21
\BOOKMARK [2][-]{subsection.4.3}{\376\377\133\232\221\317\176\323\147\234}{section.4}% 22
\BOOKMARK [2][-]{subsection.4.4}{\376\377\000G\000a\000m\000m\000a\155\210\207\215\133\236\232\214}{section.4}% 23
\BOOKMARK [2][-]{subsection.4.5}{\376\377\127\127\145\160\155\210\207\215\133\236\232\214}{section.4}% 24
\BOOKMARK [2][-]{subsection.4.6}{\376\377\133\232\140\047\176\323\147\234\122\006\147\220}{section.4}% 25
\BOOKMARK [3][-]{subsubsection.4.6.1}{\376\377\116\015\124\014\127\127\145\160\116\016\000A\000d\000a\000I\000N\166\204\145\110\147\234\133\371\153\324}{subsection.4.6}% 26
\BOOKMARK [3][-]{subsubsection.4.6.2}{\376\377\116\015\124\014\000G\000a\000m\000m\000a\120\074\166\204\145\110\147\234\133\371\153\324}{subsection.4.6}% 27
\BOOKMARK [3][-]{subsubsection.4.6.3}{\376\377\165\050\142\067\120\117\131\175\170\024\172\166}{subsection.4.6}% 28
\BOOKMARK [3][-]{subsubsection.4.6.4}{\376\377\143\320\171\072\213\315\166\204\137\161\124\315}{subsection.4.6}% 29
\BOOKMARK [2][-]{subsection.4.7}{\376\377\133\236\232\214\116\055\166\204\121\163\225\056\225\356\230\230}{section.4}% 30
\BOOKMARK [3][-]{subsubsection.4.7.1}{\376\377\000C\000a\000n\000n\000y\217\271\177\030\126\376\122\006\217\250\163\207\116\016\143\250\164\006\145\366\225\364\166\204\147\103\210\141}{subsection.4.7}% 31
\BOOKMARK [3][-]{subsubsection.4.7.2}{\376\377\213\276\131\007\215\104\156\220\226\120\122\066}{subsection.4.7}% 32
\BOOKMARK [1][-]{section.5}{\376\377\116\244\116\222\137\017\122\115\172\357}{}% 33
\BOOKMARK [2][-]{subsection.5.1}{\376\377\122\115\172\357\122\237\200\375\152\041\127\127}{section.5}% 34
\BOOKMARK [2][-]{subsection.5.2}{\376\377\122\115\172\357\162\171\140\047\116\016\116\367\120\074}{section.5}% 35
\BOOKMARK [1][-]{section.6}{\376\377\147\052\147\145\145\071\217\333\145\271\124\021}{}% 36
\BOOKMARK [2][-]{subsection.6.1}{\376\377\201\352\220\002\136\224\000C\000a\000n\000n\000y\217\271\177\030\126\376\165\037\142\020}{section.6}% 37
\BOOKMARK [2][-]{subsection.6.2}{\376\377\000V\000L\000M\143\320\171\072\213\315\201\352\122\250\165\037\142\020}{section.6}% 38
\BOOKMARK [2][-]{subsection.6.3}{\376\377\000S\000t\000y\000l\000e\000\040\000I\000n\000j\000e\000c\000t\000i\000o\000n\217\301\171\373\201\363\000S\000D\000X\000L}{section.6}% 39
\BOOKMARK [2][-]{subsection.6.4}{\376\377\137\025\121\145\000T\000i\000l\000e\000\040\000C\000o\000n\000t\000r\000o\000l\000N\000e\000t}{section.6}% 40
\BOOKMARK [2][-]{subsection.6.5}{\376\377\121\150\127\127\176\247\155\210\207\215\133\236\232\214}{section.6}% 41
\BOOKMARK [2][-]{subsection.6.6}{\376\377\131\032\147\141\116\366\000C\000o\000n\000t\000r\000o\000l\000N\000e\000t\207\215\124\010}{section.6}% 42
\BOOKMARK [2][-]{subsection.6.7}{\376\377\142\151\134\125\201\363\131\015\147\102\163\257\130\203\145\160\143\156}{section.6}% 43
\BOOKMARK [1][-]{section.7}{\376\377\176\323\213\272\116\016\134\100\226\120\140\047}{}% 44
\BOOKMARK [2][-]{subsection.7.1}{\376\377\176\323\213\272}{section.7}% 45
\BOOKMARK [2][-]{subsection.7.2}{\376\377\134\100\226\120\140\047}{section.7}% 46
\BOOKMARK [2][-]{subsection.7.3}{\376\377\147\052\147\145\134\125\147\033}{section.7}% 47
