This is XeTeX, Version 3.141592653-2.6-0.999998 (TeX Live 2026) (preloaded format=xelatex 2026.6.7)  14 JUN 2026 17:38
entering extended mode
 restricted \write18 enabled.
 file:line:error style messages enabled.
 %&-line parsing enabled.
**d:/PythonProject2/AdaIN-StyleKV/paper_revised_en
(d:/PythonProject2/AdaIN-StyleKV/paper_revised_en.tex
LaTeX2e <2025-11-01>
L3 programming layer <2026-01-19>
(d:/texlive/2026/texmf-dist/tex/latex/base/article.cls
Document Class: article 2025/01/22 v1.4n Standard LaTeX document class
(d:/texlive/2026/texmf-dist/tex/latex/base/size10.clo
File: size10.clo 2025/01/22 v1.4n Standard LaTeX file (size option)
)
\c@part=\count271
\c@section=\count272
\c@subsection=\count273
\c@subsubsection=\count274
\c@paragraph=\count275
\c@subparagraph=\count276
\c@figure=\count277
\c@table=\count278
\abovecaptionskip=\skip49
\belowcaptionskip=\skip50
\bibindent=\dimen148
) (d:/texlive/2026/texmf-dist/tex/latex/geometry/geometry.sty
Package: geometry 2020/01/02 v5.9 Page Geometry
 (d:/texlive/2026/texmf-dist/tex/latex/graphics/keyval.sty
Package: keyval 2022/05/29 v1.15 key=value parser (DPC)
\KV@toks@=\toks17
) (d:/texlive/2026/texmf-dist/tex/generic/iftex/ifvtex.sty
Package: ifvtex 2019/10/25 v1.7 ifvtex legacy package. Use iftex instead.
 (d:/texlive/2026/texmf-dist/tex/generic/iftex/iftex.sty
Package: iftex 2024/12/12 v1.0g TeX engine tests
))
\Gm@cnth=\count279
\Gm@cntv=\count280
\c@Gm@tempcnt=\count281
\Gm@bindingoffset=\dimen149
\Gm@wd@mp=\dimen150
\Gm@odd@mp=\dimen151
\Gm@even@mp=\dimen152
\Gm@layoutwidth=\dimen153
\Gm@layoutheight=\dimen154
\Gm@layouthoffset=\dimen155
\Gm@layoutvoffset=\dimen156
\Gm@dimlist=\toks18
) (d:/texlive/2026/texmf-dist/tex/latex/fontspec/fontspec.sty (d:/texlive/2026/texmf-dist/tex/latex/l3packages/xparse/xparse.sty (d:/texlive/2026/texmf-dist/tex/latex/l3kernel/expl3.sty
Package: expl3 2026-01-19 L3 programming layer (loader) 
 (d:/texlive/2026/texmf-dist/tex/latex/l3backend/l3backend-xetex.def
File: l3backend-xetex.def 2025-10-09 L3 backend support: XeTeX
\g__graphics_track_int=\count282
\g__pdfannot_backend_int=\count283
\g__pdfannot_backend_link_int=\count284
))
Package: xparse 2025-10-09 L3 Experimental document command parser
)
Package: fontspec 2025/09/29 v2.9g Font selection for XeLaTeX and LuaLaTeX
 (d:/texlive/2026/texmf-dist/tex/latex/fontspec/fontspec-xetex.sty
Package: fontspec-xetex 2025/09/29 v2.9g Font selection for XeLaTeX and LuaLaTeX
\l__fontspec_script_int=\count285
\l__fontspec_language_int=\count286
\l__fontspec_strnum_int=\count287
\l__fontspec_tmp_int=\count288
\l__fontspec_tmpa_int=\count289
\l__fontspec_tmpb_int=\count290
\l__fontspec_tmpc_int=\count291
\l__fontspec_em_int=\count292
\l__fontspec_emdef_int=\count293
\l__fontspec_strong_int=\count294
\l__fontspec_strongdef_int=\count295
\l__fontspec_tmpa_dim=\dimen157
\l__fontspec_tmpb_dim=\dimen158
\l__fontspec_tmpc_dim=\dimen159
 (d:/texlive/2026/texmf-dist/tex/latex/base/fontenc.sty
Package: fontenc 2025/07/18 v2.1d Standard LaTeX package
) (d:/texlive/2026/texmf-dist/tex/latex/fontspec/fontspec.cfg)))

Package fontspec Info: 
(fontspec)             Font family 'TimesNewRoman(0)' created for font 'Times
(fontspec)             New Roman' with options [Ligatures=TeX].
(fontspec)              
(fontspec)              This font family consists of the following NFSS
(fontspec)             series/shapes:
(fontspec)              
(fontspec)             - 'normal' (m/n) with NFSS spec.: <->"Times New
(fontspec)             Roman/OT:script=latn;language=dflt;mapping=tex-text;"
(fontspec)             - 'small caps'  (m/sc) with NFSS spec.: <->"Times New
(fontspec)             Roman/OT:script=latn;language=dflt;+smcp;mapping=tex-text;"
(fontspec)             - 'bold' (b/n) with NFSS spec.: <->"Times New
(fontspec)             Roman/B/OT:script=latn;language=dflt;mapping=tex-text;"
(fontspec)             - 'bold small caps'  (b/sc) with NFSS spec.: <->"Times
(fontspec)             New
(fontspec)             Roman/B/OT:script=latn;language=dflt;+smcp;mapping=tex-text;"
(fontspec)             - 'italic' (m/it) with NFSS spec.: <->"Times New
(fontspec)             Roman/I/OT:script=latn;language=dflt;mapping=tex-text;"
(fontspec)             - 'italic small caps'  (m/scit) with NFSS spec.:
(fontspec)             <->"Times New
(fontspec)             Roman/I/OT:script=latn;language=dflt;+smcp;mapping=tex-text;"
(fontspec)             - 'bold italic' (b/it) with NFSS spec.: <->"Times New
(fontspec)             Roman/BI/OT:script=latn;language=dflt;mapping=tex-text;"
(fontspec)             - 'bold italic small caps'  (b/scit) with NFSS spec.:
(fontspec)             <->"Times New
(fontspec)             Roman/BI/OT:script=latn;language=dflt;+smcp;mapping=tex-text;"


Package fontspec Info: 
(fontspec)             Font family 'Arial(0)' created for font 'Arial' with
(fontspec)             options [Ligatures=TeX].
(fontspec)              
(fontspec)              This font family consists of the following NFSS
(fontspec)             series/shapes:
(fontspec)              
(fontspec)             - 'normal' (m/n) with NFSS spec.:
(fontspec)             <->"Arial/OT:script=latn;language=dflt;mapping=tex-text;"
(fontspec)             - 'small caps'  (m/sc) with NFSS spec.:
(fontspec)             <->"Arial/OT:script=latn;language=dflt;+smcp;mapping=tex-text;"
(fontspec)             - 'bold' (b/n) with NFSS spec.:
(fontspec)             <->"Arial/B/OT:script=latn;language=dflt;mapping=tex-text;"
(fontspec)             - 'bold small caps'  (b/sc) with NFSS spec.:
(fontspec)             <->"Arial/B/OT:script=latn;language=dflt;+smcp;mapping=tex-text;"
(fontspec)             - 'italic' (m/it) with NFSS spec.:
(fontspec)             <->"Arial/I/OT:script=latn;language=dflt;mapping=tex-text;"
(fontspec)             - 'italic small caps'  (m/scit) with NFSS spec.:
(fontspec)             <->"Arial/I/OT:script=latn;language=dflt;+smcp;mapping=tex-text;"
(fontspec)             - 'bold italic' (b/it) with NFSS spec.:
(fontspec)             <->"Arial/BI/OT:script=latn;language=dflt;mapping=tex-text;"
(fontspec)             - 'bold italic small caps'  (b/scit) with NFSS spec.:
(fontspec)             <->"Arial/BI/OT:script=latn;language=dflt;+smcp;mapping=tex-text;"


Package fontspec Info: 
(fontspec)             Font family 'CourierNew(0)' created for font 'Courier
(fontspec)             New' with options
(fontspec)             [WordSpace={1,0,0},HyphenChar=None,PunctuationSpace=WordSpace].
(fontspec)              
(fontspec)              This font family consists of the following NFSS
(fontspec)             series/shapes:
(fontspec)              
(fontspec)             - 'normal' (m/n) with NFSS spec.: <->"Courier
(fontspec)             New/OT:script=latn;language=dflt;"
(fontspec)             - 'bold' (b/n) with NFSS spec.: <->"Courier
(fontspec)             New/B/OT:script=latn;language=dflt;"
(fontspec)             - 'italic' (m/it) with NFSS spec.: <->"Courier
(fontspec)             New/I/OT:script=latn;language=dflt;"
(fontspec)             - 'bold italic' (b/it) with NFSS spec.: <->"Courier
(fontspec)             New/BI/OT:script=latn;language=dflt;"

 (d:/texlive/2026/texmf-dist/tex/latex/microtype/microtype.sty
Package: microtype 2026/03/01 v3.2d Micro-typographical refinements (RS)
 (d:/texlive/2026/texmf-dist/tex/latex/etoolbox/etoolbox.sty
Package: etoolbox 2025/10/02 v2.5m e-TeX tools for LaTeX (JAW)
\etb@tempcnta=\count296
)
\MT@toks=\toks19
\MT@tempbox=\box53
\MT@count=\count297
LaTeX Info: Redefining \noprotrusionifhmode on input line 1084.
LaTeX Info: Redefining \leftprotrusion on input line 1085.
\MT@prot@toks=\toks20
LaTeX Info: Redefining \rightprotrusion on input line 1104.
LaTeX Info: Redefining \textls on input line 1449.
\MT@outer@kern=\dimen160
LaTeX Info: Redefining \microtypecontext on input line 2053.
LaTeX Info: Redefining \textmicrotypecontext on input line 2070.
\MT@listname@count=\count298
 (d:/texlive/2026/texmf-dist/tex/latex/microtype/microtype-xetex.def
File: microtype-xetex.def 2026/03/01 v3.2d Definitions specific to xetex (RS)
LaTeX Info: Redefining \lsstyle on input line 443.
LaTeX Info: Redefining \lslig on input line 451.
\MT@outer@space=\skip51
)
Package microtype Info: Loading configuration file microtype.cfg.
 (d:/texlive/2026/texmf-dist/tex/latex/microtype/microtype.cfg
File: microtype.cfg 2026/03/01 v3.2d microtype main configuration file (RS)
)
LaTeX Info: Redefining \microtypesetup on input line 3065.
) (d:/texlive/2026/texmf-dist/tex/latex/ragged2e/ragged2e.sty
Package: ragged2e 2023/06/22 v3.6 ragged2e Package
\CenteringLeftskip=\skip52
\RaggedLeftLeftskip=\skip53
\RaggedRightLeftskip=\skip54
\CenteringRightskip=\skip55
\RaggedLeftRightskip=\skip56
\RaggedRightRightskip=\skip57
\CenteringParfillskip=\skip58
\RaggedLeftParfillskip=\skip59
\RaggedRightParfillskip=\skip60
\JustifyingParfillskip=\skip61
\CenteringParindent=\skip62
\RaggedLeftParindent=\skip63
\RaggedRightParindent=\skip64
\JustifyingParindent=\skip65
) (d:/texlive/2026/texmf-dist/tex/latex/fancyhdr/fancyhdr.sty
Package: fancyhdr 2025/02/07 v5.2 Extensive control of page headers and footers
\f@nch@headwidth=\skip66
\f@nch@offset@elh=\skip67
\f@nch@offset@erh=\skip68
\f@nch@offset@olh=\skip69
\f@nch@offset@orh=\skip70
\f@nch@offset@elf=\skip71
\f@nch@offset@erf=\skip72
\f@nch@offset@olf=\skip73
\f@nch@offset@orf=\skip74
\f@nch@height=\skip75
\f@nch@footalignment=\skip76
\f@nch@widthL=\skip77
\f@nch@widthC=\skip78
\f@nch@widthR=\skip79
\@temptokenb=\toks21
) (d:/texlive/2026/texmf-dist/tex/latex/booktabs/booktabs.sty
Package: booktabs 2020/01/12 v1.61803398 Publication quality tables
\heavyrulewidth=\dimen161
\lightrulewidth=\dimen162
\cmidrulewidth=\dimen163
\belowrulesep=\dimen164
\belowbottomsep=\dimen165
\aboverulesep=\dimen166
\abovetopsep=\dimen167
\cmidrulesep=\dimen168
\cmidrulekern=\dimen169
\defaultaddspace=\dimen170
\@cmidla=\count299
\@cmidlb=\count300
\@aboverulesep=\dimen171
\@belowrulesep=\dimen172
\@thisruleclass=\count301
\@lastruleclass=\count302
\@thisrulewidth=\dimen173
) (d:/texlive/2026/texmf-dist/tex/latex/multirow/multirow.sty
Package: multirow 2024/11/12 v2.9 Span multiple rows of a table
\multirow@colwidth=\skip80
\multirow@cntb=\count303
\multirow@dima=\skip81
\bigstrutjot=\dimen174
) (d:/texlive/2026/texmf-dist/tex/latex/tools/array.sty
Package: array 2025/09/25 v2.6n Tabular extension package (FMi)
\col@sep=\dimen175
\ar@mcellbox=\box54
\extrarowheight=\dimen176
\NC@list=\toks22
\extratabsurround=\skip82
\backup@length=\skip83
\ar@cellbox=\box55
) (d:/texlive/2026/texmf-dist/tex/latex/graphics/graphicx.sty
Package: graphicx 2024/12/31 v1.2e Enhanced LaTeX Graphics (DPC,SPQR)
 (d:/texlive/2026/texmf-dist/tex/latex/graphics/graphics.sty
Package: graphics 2024/08/06 v1.4g Standard LaTeX Graphics (DPC,SPQR)
 (d:/texlive/2026/texmf-dist/tex/latex/graphics/trig.sty
Package: trig 2023/12/02 v1.11 sin cos tan (DPC)
) (d:/texlive/2026/texmf-dist/tex/latex/graphics-cfg/graphics.cfg
File: graphics.cfg 2016/06/04 v1.11 sample graphics configuration
)
Package graphics Info: Driver file: xetex.def on input line 106.
 (d:/texlive/2026/texmf-dist/tex/latex/graphics-def/xetex.def
File: xetex.def 2025/11/01 v5.0p Graphics/color driver for xetex
))
\Gin@req@height=\dimen177
\Gin@req@width=\dimen178
) (d:/texlive/2026/texmf-dist/tex/latex/caption/caption.sty
Package: caption 2023/08/05 v3.6o Customizing captions (AR)
 (d:/texlive/2026/texmf-dist/tex/latex/caption/caption3.sty
Package: caption3 2023/07/31 v2.4d caption3 kernel (AR)
\caption@tempdima=\dimen179
\captionmargin=\dimen180
\caption@leftmargin=\dimen181
\caption@rightmargin=\dimen182
\caption@width=\dimen183
\caption@indent=\dimen184
\caption@parindent=\dimen185
\caption@hangindent=\dimen186
Package caption Info: Standard document class detected.
)
\c@caption@flags=\count304
\c@continuedfloat=\count305
) (d:/texlive/2026/texmf-dist/tex/latex/placeins/placeins.sty
Package: placeins 2005/04/18  v 2.2
) (d:/texlive/2026/texmf-dist/tex/latex/sttools/stfloats.sty
Package: stfloats 2025/06/18 v3.4 Improve float mechanism and baselineskip settings
\@dblbotnum=\count306
\c@dblbotnumber=\count307
) (d:/texlive/2026/texmf-dist/tex/latex/float/float.sty
Package: float 2001/11/08 v1.3d Float enhancements (AL)
\c@float@type=\count308
\float@exts=\toks23
\float@box=\box56
\@float@everytoks=\toks24
\@floatcapt=\box57
) (d:/texlive/2026/texmf-dist/tex/latex/amsmath/amsmath.sty
Package: amsmath 2025/07/09 v2.17z AMS math features
\@mathmargin=\skip84

For additional information on amsmath, use the `?' option.
(d:/texlive/2026/texmf-dist/tex/latex/amsmath/amstext.sty
Package: amstext 2024/11/17 v2.01 AMS text
 (d:/texlive/2026/texmf-dist/tex/latex/amsmath/amsgen.sty
File: amsgen.sty 1999/11/30 v2.0 generic functions
\@emptytoks=\toks25
\ex@=\dimen187
)) (d:/texlive/2026/texmf-dist/tex/latex/amsmath/amsbsy.sty
Package: amsbsy 1999/11/29 v1.2d Bold Symbols
\pmbraise@=\dimen188
) (d:/texlive/2026/texmf-dist/tex/latex/amsmath/amsopn.sty
Package: amsopn 2022/04/08 v2.04 operator names
)
\inf@bad=\count309
LaTeX Info: Redefining \frac on input line 233.
\uproot@=\count310
\leftroot@=\count311
LaTeX Info: Redefining \overline on input line 398.
LaTeX Info: Redefining \colon on input line 409.
\classnum@=\count312
\DOTSCASE@=\count313
LaTeX Info: Redefining \ldots on input line 495.
LaTeX Info: Redefining \dots on input line 498.
LaTeX Info: Redefining \cdots on input line 619.
\Mathstrutbox@=\box58
\strutbox@=\box59
LaTeX Info: Redefining \big on input line 721.
LaTeX Info: Redefining \Big on input line 722.
LaTeX Info: Redefining \bigg on input line 723.
LaTeX Info: Redefining \Bigg on input line 724.
\big@size=\dimen189
LaTeX Font Info:    Redeclaring font encoding OML on input line 742.
LaTeX Font Info:    Redeclaring font encoding OMS on input line 743.
\macc@depth=\count314
LaTeX Info: Redefining \bmod on input line 904.
LaTeX Info: Redefining \pmod on input line 909.
LaTeX Info: Redefining \smash on input line 939.
LaTeX Info: Redefining \relbar on input line 969.
LaTeX Info: Redefining \Relbar on input line 970.
\c@MaxMatrixCols=\count315
\dotsspace@=\muskip17
\c@parentequation=\count316
\dspbrk@lvl=\count317
\tag@help=\toks26
\row@=\count318
\column@=\count319
\maxfields@=\count320
\andhelp@=\toks27
\eqnshift@=\dimen190
\alignsep@=\dimen191
\tagshift@=\dimen192
\tagwidth@=\dimen193
\totwidth@=\dimen194
\lineht@=\dimen195
\@envbody=\toks28
\multlinegap=\skip85
\multlinetaggap=\skip86
\mathdisplay@stack=\toks29
LaTeX Info: Redefining \[ on input line 2950.
LaTeX Info: Redefining \] on input line 2951.
) (d:/texlive/2026/texmf-dist/tex/latex/amsfonts/amssymb.sty
Package: amssymb 2013/01/14 v3.01 AMS font symbols
 (d:/texlive/2026/texmf-dist/tex/latex/amsfonts/amsfonts.sty
Package: amsfonts 2013/01/14 v3.01 Basic AMSFonts support
\symAMSa=\mathgroup4
\symAMSb=\mathgroup5
LaTeX Font Info:    Redeclaring math symbol \hbar on input line 98.
LaTeX Font Info:    Overwriting math alphabet `\mathfrak' in version `bold'
(Font)                  U/euf/m/n --> U/euf/b/n on input line 106.
)) (d:/texlive/2026/texmf-dist/tex/latex/titlesec/titlesec.sty
Package: titlesec 2025/01/04 v2.17 Sectioning titles
\ttl@box=\box60
\beforetitleunit=\skip87
\aftertitleunit=\skip88
\ttl@plus=\dimen196
\ttl@minus=\dimen197
\ttl@toksa=\toks30
\titlewidth=\dimen198
\titlewidthlast=\dimen199
\titlewidthfirst=\dimen256
) (d:/texlive/2026/texmf-dist/tex/latex/hyperref/hyperref.sty
Package: hyperref 2026-01-29 v7.01p Hypertext links for LaTeX
 (d:/texlive/2026/texmf-dist/tex/latex/kvsetkeys/kvsetkeys.sty
Package: kvsetkeys 2022-10-05 v1.19 Key value parser (HO)
) (d:/texlive/2026/texmf-dist/tex/generic/kvdefinekeys/kvdefinekeys.sty
Package: kvdefinekeys 2019-12-19 v1.6 Define keys (HO)
) (d:/texlive/2026/texmf-dist/tex/generic/pdfescape/pdfescape.sty
Package: pdfescape 2019/12/09 v1.15 Implements pdfTeX's escape features (HO)
 (d:/texlive/2026/texmf-dist/tex/generic/ltxcmds/ltxcmds.sty
Package: ltxcmds 2023-12-04 v1.26 LaTeX kernel commands for general use (HO)
) (d:/texlive/2026/texmf-dist/tex/generic/pdftexcmds/pdftexcmds.sty
Package: pdftexcmds 2020-06-27 v0.33 Utility functions of pdfTeX for LuaTeX (HO)
 (d:/texlive/2026/texmf-dist/tex/generic/infwarerr/infwarerr.sty
Package: infwarerr 2019/12/03 v1.5 Providing info/warning/error messages (HO)
)
Package pdftexcmds Info: \pdf@primitive is available.
Package pdftexcmds Info: \pdf@ifprimitive is available.
Package pdftexcmds Info: \pdfdraftmode not found.
)) (d:/texlive/2026/texmf-dist/tex/latex/hycolor/hycolor.sty
Package: hycolor 2020-01-27 v1.10 Color options for hyperref/bookmark (HO)
) (d:/texlive/2026/texmf-dist/tex/latex/hyperref/nameref.sty
Package: nameref 2026-01-29 v2.58 Cross-referencing by name of section
 (d:/texlive/2026/texmf-dist/tex/latex/refcount/refcount.sty
Package: refcount 2019/12/15 v3.6 Data extraction from label references (HO)
) (d:/texlive/2026/texmf-dist/tex/generic/gettitlestring/gettitlestring.sty
Package: gettitlestring 2019/12/15 v1.6 Cleanup title references (HO)
 (d:/texlive/2026/texmf-dist/tex/latex/kvoptions/kvoptions.sty
Package: kvoptions 2022-06-15 v3.15 Key value format for package options (HO)
))
\c@section@level=\count321
) (d:/texlive/2026/texmf-dist/tex/generic/stringenc/stringenc.sty
Package: stringenc 2019/11/29 v1.12 Convert strings between diff. encodings (HO)
)
\@linkdim=\dimen257
\Hy@linkcounter=\count322
\Hy@pagecounter=\count323
 (d:/texlive/2026/texmf-dist/tex/latex/hyperref/pd1enc.def
File: pd1enc.def 2026-01-29 v7.01p Hyperref: PDFDocEncoding definition (HO)
) (d:/texlive/2026/texmf-dist/tex/generic/intcalc/intcalc.sty
Package: intcalc 2019/12/15 v1.3 Expandable calculations with integers (HO)
)
\Hy@SavedSpaceFactor=\count324
 (d:/texlive/2026/texmf-dist/tex/latex/hyperref/puenc.def
File: puenc.def 2026-01-29 v7.01p Hyperref: PDF Unicode definition (HO)
)
Package hyperref Info: Hyper figures OFF on input line 4201.
Package hyperref Info: Link nesting OFF on input line 4206.
Package hyperref Info: Hyper index ON on input line 4209.
Package hyperref Info: Plain pages OFF on input line 4216.
Package hyperref Info: Backreferencing OFF on input line 4221.
Package hyperref Info: Implicit mode ON; LaTeX internals redefined.
Package hyperref Info: Bookmarks ON on input line 4468.
\c@Hy@tempcnt=\count325
 (d:/texlive/2026/texmf-dist/tex/latex/url/url.sty
\Urlmuskip=\muskip18
Package: url 2013/09/16  ver 3.4  Verb mode for urls, etc.
)
LaTeX Info: Redefining \url on input line 4807.
\XeTeXLinkMargin=\dimen258
 (d:/texlive/2026/texmf-dist/tex/generic/bitset/bitset.sty
Package: bitset 2019/12/09 v1.3 Handle bit-vector datatype (HO)
 (d:/texlive/2026/texmf-dist/tex/generic/bigintcalc/bigintcalc.sty
Package: bigintcalc 2019/12/15 v1.5 Expandable calculations on big integers (HO)
))
\Fld@menulength=\count326
\Field@Width=\dimen259
\Fld@charsize=\dimen260
Package hyperref Info: Hyper figures OFF on input line 6084.
Package hyperref Info: Link nesting OFF on input line 6089.
Package hyperref Info: Hyper index ON on input line 6092.
Package hyperref Info: backreferencing OFF on input line 6099.
Package hyperref Info: Link coloring OFF on input line 6104.
Package hyperref Info: Link coloring with OCG OFF on input line 6109.
Package hyperref Info: PDF/A mode OFF on input line 6114.
\Hy@abspage=\count327
\c@Item=\count328
\c@Hfootnote=\count329
)
Package hyperref Info: Driver (autodetected): hxetex.
 (d:/texlive/2026/texmf-dist/tex/latex/hyperref/hxetex.def
File: hxetex.def 2026-01-29 v7.01p Hyperref driver for XeTeX
\pdfm@box=\box61
\c@Hy@AnnotLevel=\count330
\HyField@AnnotCount=\count331
\Fld@listcount=\count332
\c@bookmark@seq@number=\count333
 (d:/texlive/2026/texmf-dist/tex/latex/rerunfilecheck/rerunfilecheck.sty
Package: rerunfilecheck 2025-06-21 v1.11 Rerun checks for auxiliary files (HO)
 (d:/texlive/2026/texmf-dist/tex/generic/uniquecounter/uniquecounter.sty
Package: uniquecounter 2019/12/15 v1.4 Provide unlimited unique counter (HO)
)
Package uniquecounter Info: New unique counter `rerunfilecheck' on input line 284.
)
\Hy@SectionHShift=\skip89
) (d:/texlive/2026/texmf-dist/tex/latex/titling/titling.sty
Package: titling 2009/09/04 v2.1d maketitle typesetting
\thanksmarkwidth=\skip90
\thanksmargin=\skip91
\droptitle=\skip92
) (./paper_revised_en.aux)
\openout1 = `paper_revised_en.aux'.

LaTeX Font Info:    Checking defaults for OML/cmm/m/it on input line 94.
LaTeX Font Info:    ... okay on input line 94.
LaTeX Font Info:    Checking defaults for OMS/cmsy/m/n on input line 94.
LaTeX Font Info:    ... okay on input line 94.
LaTeX Font Info:    Checking defaults for OT1/cmr/m/n on input line 94.
LaTeX Font Info:    ... okay on input line 94.
LaTeX Font Info:    Checking defaults for T1/cmr/m/n on input line 94.
LaTeX Font Info:    ... okay on input line 94.
LaTeX Font Info:    Checking defaults for TS1/cmr/m/n on input line 94.
LaTeX Font Info:    ... okay on input line 94.
LaTeX Font Info:    Checking defaults for TU/lmr/m/n on input line 94.
LaTeX Font Info:    ... okay on input line 94.
LaTeX Font Info:    Checking defaults for OMX/cmex/m/n on input line 94.
LaTeX Font Info:    ... okay on input line 94.
LaTeX Font Info:    Checking defaults for U/cmr/m/n on input line 94.
LaTeX Font Info:    ... okay on input line 94.
LaTeX Font Info:    Checking defaults for PD1/pdf/m/n on input line 94.
LaTeX Font Info:    ... okay on input line 94.
LaTeX Font Info:    Checking defaults for PU/pdf/m/n on input line 94.
LaTeX Font Info:    ... okay on input line 94.

*geometry* driver: auto-detecting
*geometry* detected driver: xetex
*geometry* verbose mode - [ preamble ] result:
* driver: xetex
* paper: <default>
* layout: <same size as paper>
* layoutoffset:(h,v)=(0.0pt,0.0pt)
* modes: 
* h-part:(L,W,R)=(48.36958pt, 517.55583pt, 48.36958pt)
* v-part:(T,H,B)=(48.36958pt, 695.38536pt, 51.21504pt)
* \paperwidth=614.295pt
* \paperheight=794.96999pt
* \textwidth=517.55583pt
* \textheight=695.38536pt
* \oddsidemargin=-23.9004pt
* \evensidemargin=-23.9004pt
* \topmargin=-60.9004pt
* \headheight=14.0pt
* \headsep=25.0pt
* \topskip=10.0pt
* \footskip=30.0pt
* \marginparwidth=4.0pt
* \marginparsep=10.0pt
* \columnsep=19.91684pt
* \skip\footins=9.0pt plus 4.0pt minus 2.0pt
* \hoffset=0.0pt
* \voffset=0.0pt
* \mag=1000
* \@twocolumntrue
* \@twosidefalse
* \@mparswitchfalse
* \@reversemarginfalse
* (1in=72.27pt=25.4mm, 1cm=28.453pt)


Package fontspec Info: 
(fontspec)             Adjusting the maths setup (use [no-math] to avoid
(fontspec)             this).

\symlegacymaths=\mathgroup6
LaTeX Font Info:    Overwriting symbol font `legacymaths' in version `bold'
(Font)                  OT1/cmr/m/n --> OT1/cmr/bx/n on input line 94.
LaTeX Font Info:    Redeclaring math accent \acute on input line 94.
LaTeX Font Info:    Redeclaring math accent \grave on input line 94.
LaTeX Font Info:    Redeclaring math accent \ddot on input line 94.
LaTeX Font Info:    Redeclaring math accent \tilde on input line 94.
LaTeX Font Info:    Redeclaring math accent \bar on input line 94.
LaTeX Font Info:    Redeclaring math accent \breve on input line 94.
LaTeX Font Info:    Redeclaring math accent \check on input line 94.
LaTeX Font Info:    Redeclaring math accent \hat on input line 94.
LaTeX Font Info:    Redeclaring math accent \dot on input line 94.
LaTeX Font Info:    Redeclaring math accent \mathring on input line 94.
LaTeX Font Info:    Redeclaring math symbol \Gamma on input line 94.
LaTeX Font Info:    Redeclaring math symbol \Delta on input line 94.
LaTeX Font Info:    Redeclaring math symbol \Theta on input line 94.
LaTeX Font Info:    Redeclaring math symbol \Lambda on input line 94.
LaTeX Font Info:    Redeclaring math symbol \Xi on input line 94.
LaTeX Font Info:    Redeclaring math symbol \Pi on input line 94.
LaTeX Font Info:    Redeclaring math symbol \Sigma on input line 94.
LaTeX Font Info:    Redeclaring math symbol \Upsilon on input line 94.
LaTeX Font Info:    Redeclaring math symbol \Phi on input line 94.
LaTeX Font Info:    Redeclaring math symbol \Psi on input line 94.
LaTeX Font Info:    Redeclaring math symbol \Omega on input line 94.
LaTeX Font Info:    Redeclaring math symbol \mathdollar on input line 94.
LaTeX Font Info:    Redeclaring symbol font `operators' on input line 94.
LaTeX Font Info:    Encoding `OT1' has changed to `TU' for symbol font
(Font)              `operators' in the math version `normal' on input line 94.
LaTeX Font Info:    Overwriting symbol font `operators' in version `normal'
(Font)                  OT1/cmr/m/n --> TU/TimesNewRoman(0)/m/n on input line 94.
LaTeX Font Info:    Encoding `OT1' has changed to `TU' for symbol font
(Font)              `operators' in the math version `bold' on input line 94.
LaTeX Font Info:    Overwriting symbol font `operators' in version `bold'
(Font)                  OT1/cmr/bx/n --> TU/TimesNewRoman(0)/m/n on input line 94.
LaTeX Font Info:    Overwriting symbol font `operators' in version `normal'
(Font)                  TU/TimesNewRoman(0)/m/n --> TU/TimesNewRoman(0)/m/n on input line 94.
LaTeX Font Info:    Overwriting math alphabet `\mathit' in version `normal'
(Font)                  OT1/cmr/m/it --> TU/TimesNewRoman(0)/m/it on input line 94.
LaTeX Font Info:    Overwriting math alphabet `\mathbf' in version `normal'
(Font)                  OT1/cmr/bx/n --> TU/TimesNewRoman(0)/b/n on input line 94.
LaTeX Font Info:    Overwriting math alphabet `\mathsf' in version `normal'
(Font)                  OT1/cmss/m/n --> TU/Arial(0)/m/n on input line 94.
LaTeX Font Info:    Overwriting math alphabet `\mathtt' in version `normal'
(Font)                  OT1/cmtt/m/n --> TU/CourierNew(0)/m/n on input line 94.
LaTeX Font Info:    Overwriting symbol font `operators' in version `bold'
(Font)                  TU/TimesNewRoman(0)/m/n --> TU/TimesNewRoman(0)/b/n on input line 94.
LaTeX Font Info:    Overwriting math alphabet `\mathit' in version `bold'
(Font)                  OT1/cmr/bx/it --> TU/TimesNewRoman(0)/b/it on input line 94.
LaTeX Font Info:    Overwriting math alphabet `\mathsf' in version `bold'
(Font)                  OT1/cmss/bx/n --> TU/Arial(0)/b/n on input line 94.
LaTeX Font Info:    Overwriting math alphabet `\mathtt' in version `bold'
(Font)                  OT1/cmtt/m/n --> TU/CourierNew(0)/b/n on input line 94.
LaTeX Info: Redefining \microtypecontext on input line 94.
Package microtype Info: Applying patch `item' on input line 94.
Package microtype Info: Applying patch `toc' on input line 94.
Package microtype Info: Applying patch `eqnum' on input line 94.
Package microtype Info: Applying patch `footnote' on input line 94.
Package microtype Info: Applying patch `verbatim' on input line 94.
LaTeX Info: Redefining \microtypesetup on input line 94.
Package microtype Info: Character protrusion enabled (level 2).
Package microtype Info: Using default protrusion set `alltext'.
Package microtype Info: No adjustment of tracking.
Package microtype Info: No adjustment of spacing.
Package microtype Info: No adjustment of kerning.
Package microtype Info: Loading generic protrusion settings for font family
(microtype)             `TimesNewRoman' (encoding: TU).
(microtype)             For optimal results, create family-specific settings.
(microtype)             See the microtype manual for details.
Package caption Info: Begin \AtBeginDocument code.
Package caption Info: float package is loaded.
Package caption Info: hyperref package is loaded.
Package caption Info: End \AtBeginDocument code.
Package hyperref Info: Link coloring OFF on input line 94.
(./paper_revised_en.out) (./paper_revised_en.out)
\@outlinefile=\write3
\openout3 = `paper_revised_en.out'.

Package microtype Info: Loading generic protrusion settings for font family
(microtype)             `Arial' (encoding: TU).
(microtype)             For optimal results, create family-specific settings.
(microtype)             See the microtype manual for details.
Package microtype Info: Loading generic protrusion settings for font family
(microtype)             `CourierNew' (encoding: TU).
(microtype)             For optimal results, create family-specific settings.
(microtype)             See the microtype manual for details.
File: figures/fig_gallery.pdf Graphic file (type pdf)
<use figures/fig_gallery.pdf>


Package caption Warning: The option `hypcap=true' will be ignored for this
(caption)                particular \caption on input line 119.
See the caption package documentation for explanation.

LaTeX Font Info:    Trying to load font information for U+msa on input line 119.
(d:/texlive/2026/texmf-dist/tex/latex/amsfonts/umsa.fd
File: umsa.fd 2013/01/14 v3.01 AMS symbols A
) (d:/texlive/2026/texmf-dist/tex/latex/microtype/mt-msa.cfg
File: mt-msa.cfg 2006/02/04 v1.1 microtype config. file: AMS symbols (a) (RS)
)
LaTeX Font Info:    Trying to load font information for U+msb on input line 119.
 (d:/texlive/2026/texmf-dist/tex/latex/amsfonts/umsb.fd
File: umsb.fd 2013/01/14 v3.01 AMS symbols B
) (d:/texlive/2026/texmf-dist/tex/latex/microtype/mt-msb.cfg
File: mt-msb.cfg 2005/06/01 v1.0 microtype config. file: AMS symbols (b) (RS)
) (d:/texlive/2026/texmf-dist/tex/latex/microtype/mt-cmr.cfg
File: mt-cmr.cfg 2013/05/19 v2.2 microtype config. file: Computer Modern Roman (RS)
)
Underfull \hbox (badness 10000) in paragraph at lines 119--119
[]\TU/TimesNewRoman(0)/b/n/9 Fig. 1. |[]\TU/TimesNewRoman(0)/m/n/9 Stylization results of AdaIN StyleKV. Horizontally, $\OML/cmm/m/it/9 ^^M$ \TU/TimesNewRoman(0)/m/n/9 increases from 0.2 to 1.0; vertically, 1-proc, 5-proc, and 10-proc configurations
 []


Underfull \hbox (badness 10000) in paragraph at lines 119--119
\TU/TimesNewRoman(0)/m/n/9 are shown with and without AdaIN. The 5-proc + AdaIN configuration (our full method) gives a useful balance between style intensity and
 []


Underfull \hbox (badness 10000) in paragraph at lines 119--119
\TU/TimesNewRoman(0)/m/n/10 Artistic style transfer applies the appearance of a reference image to a content image while preserving the scene layout.
 []


Underfull \hbox (badness 10000) in paragraph at lines 119--119
\TU/TimesNewRoman(0)/m/n/10 Diffusion models have improved visual quality, but current methods still make trade-offs. Some approaches require per-style
 []


Underfull \hbox (badness 10000) in paragraph at lines 119--119
\TU/TimesNewRoman(0)/m/n/10 fine-tuning or inversion. Training-free methods avoid this cost, but they can drift in structure, miss global color statistics, or
 []


Underfull \hbox (badness 10000) in paragraph at lines 119--119
\TU/TimesNewRoman(0)/m/n/10 offer limited control over style intensity. We propose AdaIN StyleKV, a training-free framework built on a frozen diffusion
 []


Underfull \hbox (badness 10000) in paragraph at lines 119--119
\TU/TimesNewRoman(0)/m/n/10 model. The method combines Canny ControlNet for structural guidance, selective self-attention K/V fusion for texture transfer,
 []


Underfull \hbox (badness 10000) in paragraph at lines 119--119
\TU/TimesNewRoman(0)/m/n/10 and a cross-modal AdaIN module adapted from StyleStudio [31] for color and condition alignment. In the target UNet block
 []


Underfull \hbox (badness 10000) in paragraph at lines 119--119
\TU/CourierNew(0)/m/n/10 up_blocks.0.attentions.1\TU/TimesNewRoman(0)/m/n/10 , we cache K/V features from the style image and blend them with the content K/V using
 []


Underfull \hbox (badness 10000) in paragraph at lines 119--119
\TU/TimesNewRoman(0)/m/n/10 a scalar coefficient $\OML/cmm/m/it/10 ^^M$\TU/TimesNewRoman(0)/m/n/10 . At the same block, AdaIN uses channel statistics from a pretrained image embedding to adjust text-
 []


Underfull \hbox (badness 10000) in paragraph at lines 119--119
\TU/TimesNewRoman(0)/m/n/10 condition features toward the style reference. On 5000 MS COCO (content) $\OMS/cmsy/m/n/10 ^^B$ \TU/TimesNewRoman(0)/m/n/10 WikiArt (style) pairs, the 5-processor StyleKV
 []


Underfull \hbox (badness 10000) in paragraph at lines 119--119
\TU/TimesNewRoman(0)/m/n/10 setting without AdaIN obtains the lowest Art-FID (85.43). Adding AdaIN reduces LPIPS from 0.629 to 0.599, with a modest
 []


Underfull \hbox (badness 10000) in paragraph at lines 119--119
\TU/TimesNewRoman(0)/m/n/10 increase in Art-FID. We release the AdaIN StyleKV project repository [32], including StyleKV Control Studio, a Gradio
 []

[1



]
Underfull \hbox (badness 10000) in paragraph at lines 165--165
[]\TU/TimesNewRoman(0)/b/n/9 Table 1. |\TU/TimesNewRoman(0)/m/n/9 Comparison of our method with representative style
 []


Underfull \hbox (badness 10000) in paragraph at lines 165--165
\TU/TimesNewRoman(0)/m/n/9 transfer methods. TF: Training-Free (no fine-tuning); SP: Structure
 []


Underfull \hbox (badness 10000) in paragraph at lines 165--165
\TU/TimesNewRoman(0)/m/n/9 Preservation (explicit spatial constraints); CT: Color Transfer
 []


Underfull \hbox (badness 10000) in paragraph at lines 165--165
\TU/TimesNewRoman(0)/m/n/9 (global color handling); CI: Controllable Intensity (explicit
 []

[2

]
Underfull \hbox (badness 7540) in paragraph at lines 208--209
\TU/TimesNewRoman(0)/b/n/10 Stage 4: KV Fusion. \TU/TimesNewRoman(0)/m/n/10 The target block is 
 []

File: figures/Snipaste_2026-06-12_21-47-51.png Graphic file (type bmp)
<figures/Snipaste_2026-06-12_21-47-51.png>

Underfull \hbox (badness 10000) in paragraph at lines 224--224
[]\TU/TimesNewRoman(0)/b/n/9 Fig. 2. |\TU/TimesNewRoman(0)/m/n/9 Overall pipeline of AdaIN StyleKV. Content and style
 []


Underfull \hbox (badness 10000) in paragraph at lines 224--224
\TU/TimesNewRoman(0)/m/n/9 images enter the VAE in parallel; a Canny edge map of the content
 []


Underfull \hbox (badness 10000) in paragraph at lines 224--224
\TU/TimesNewRoman(0)/m/n/9 anchors ControlNet. DDIM inversion produces latent trajectories for
 []


Underfull \hbox (badness 10000) in paragraph at lines 224--224
\TU/TimesNewRoman(0)/m/n/9 both images. Cross-modal AdaIN fuses text and image conditions
 []


Underfull \hbox (badness 10000) in paragraph at lines 224--224
\TU/TimesNewRoman(0)/m/n/9 at the target UNet block, and cached style K/V are blended with
 []


Underfull \hbox (badness 10000) in paragraph at lines 224--224
\TU/TimesNewRoman(0)/m/n/9 content K/V inside selected self-attention processors. The VAE
 []

File: fig_unet_arch.pdf Graphic file (type pdf)
<use fig_unet_arch.pdf>

Underfull \hbox (badness 10000) in paragraph at lines 247--247
[]\TU/TimesNewRoman(0)/b/n/9 Fig. 3. |\TU/TimesNewRoman(0)/m/n/9 U-Net architecture in Stable Diffusion, showing the
 []


Underfull \hbox (badness 10000) in paragraph at lines 247--247
\TU/TimesNewRoman(0)/m/n/9 encoder, middle block, and decoder with their ResNet and
 []


Underfull \hbox (badness 10000) in paragraph at lines 247--247
\TU/TimesNewRoman(0)/m/n/9 self-attention layers. We confine KV fusion to the target block
 []


Underfull \hbox (badness 10000) in paragraph at lines 247--247
\TU/CourierNew(0)/m/n/9 up_blocks.0.attentions.1 \TU/TimesNewRoman(0)/m/n/9 (red), leaving all other attention
 []

[3]
Underfull \hbox (badness 10000) in paragraph at lines 277--277
[]\TU/TimesNewRoman(0)/b/n/9 Table 2. |\TU/TimesNewRoman(0)/m/n/9 Target block configurations in the early naive AdaIN
 []


Underfull \hbox (badness 10000) in paragraph at lines 277--277
\TU/TimesNewRoman(0)/m/n/9 prototype. \TU/CourierNew(0)/m/n/9 1blk\TU/TimesNewRoman(0)/m/n/9 /\TU/CourierNew(0)/m/n/9 2blk \TU/TimesNewRoman(0)/m/n/9 indicate the number of UNet target blocks
 []


Underfull \hbox (badness 10000) in paragraph at lines 277--277
\TU/TimesNewRoman(0)/m/n/9 where AdaIN is applied; in contrast, StyleKV experiments are fixed
 []


Underfull \hbox (badness 10000) in paragraph at lines 277--277
\TU/TimesNewRoman(0)/m/n/9 at \TU/CourierNew(0)/m/n/9 up_blocks.0.attentions.1 \TU/TimesNewRoman(0)/m/n/9 and vary the number of self-
 []


Underfull \hbox (badness 10000) in paragraph at lines 291--291
|[]\TU/Arial(0)/b/n/10 Cross-Modal AdaIN for Text and Image
 []


Underfull \hbox (badness 1242) in paragraph at lines 310--311
\TU/TimesNewRoman(0)/m/n/10 resulting features into the frozen UNet through the 
 []

File: figures/image2.pdf Graphic file (type pdf)
<use figures/image2.pdf>

Underfull \hbox (badness 10000) in paragraph at lines 329--329
[]\TU/TimesNewRoman(0)/b/n/9 Fig. 6. |\TU/TimesNewRoman(0)/m/n/9 Quantitative comparison of 7 method variants across FID, Art-FID, and LPIPS metrics (lower is better for all three). FID reflects
 []


Underfull \hbox (badness 10000) in paragraph at lines 329--329
\TU/TimesNewRoman(0)/m/n/9 distribution distance from the content domain, Art-FID reflects proximity to the target artistic style domain, and LPIPS reflects the perceptual-
 []


Underfull \hbox (badness 10000) in paragraph at lines 329--329
\TU/TimesNewRoman(0)/m/n/9 level image change magnitude. V6 (Ours w/o AdaIN) achieves the lowest Art-FID, indicating stronger style injection; compared with V6, the
 []

[4]
Underfull \hbox (badness 10000) in paragraph at lines 374--374
[]\TU/TimesNewRoman(0)/b/n/9 Table 4. |\TU/TimesNewRoman(0)/m/n/9 Hyperparameter settings. $\OML/cmm/m/it/9 ^^M \OT1/cmr/m/n/9 = 0\OML/cmm/m/it/9 :\OT1/cmr/m/n/9 6$ \TU/TimesNewRoman(0)/m/n/9 is the default
 []


Underfull \hbox (badness 10000) in paragraph at lines 374--374
\TU/TimesNewRoman(0)/m/n/9 trade-off point selected from the sensitivity analysis in
 []


Underfull \hbox (badness 10000) in paragraph at lines 374--374
\TU/TimesNewRoman(0)/m/n/9 Section 4.4; KV fusion defaults to 5 self-attention processors in
 []


Underfull \hbox (badness 10000) in paragraph at lines 374--374
\TU/CourierNew(0)/m/n/9 up_blocks.0.attentions.1\TU/TimesNewRoman(0)/m/n/9 ; AdaIN fusion intensity defaults
 []


Underfull \hbox (badness 10000) in paragraph at lines 397--397
[]\TU/TimesNewRoman(0)/b/n/9 Table 5. |\TU/TimesNewRoman(0)/m/n/9 Design of 7 method variants. CtrlN = ControlNet; Scope =
 []

File: figures/fig_variant_progress.pdf Graphic file (type pdf)
<use figures/fig_variant_progress.pdf>

Underfull \hbox (badness 10000) in paragraph at lines 421--421
[]\TU/TimesNewRoman(0)/b/n/9 Fig. 4. |\TU/TimesNewRoman(0)/m/n/9 Horizontal comparison of outputs from different method
 []


Underfull \hbox (badness 10000) in paragraph at lines 421--421
\TU/TimesNewRoman(0)/m/n/9 configurations on the “man” content image. The upper labels
 []


Underfull \hbox (badness 10000) in paragraph at lines 421--421
\TU/TimesNewRoman(0)/m/n/9 indicate the corresponding method configuration and allow
 []

[5]
File: figures/fig_variant_compare.pdf Graphic file (type pdf)
<use figures/fig_variant_compare.pdf>

Underfull \hbox (badness 10000) in paragraph at lines 428--428
[]\TU/TimesNewRoman(0)/b/n/9 Fig. 5. |\TU/TimesNewRoman(0)/m/n/9 Method variant comparison on two different content-style
 []


Underfull \hbox (badness 10000) in paragraph at lines 441--441
[]\TU/TimesNewRoman(0)/b/n/9 Table 6. |\TU/TimesNewRoman(0)/m/n/9 Quantitative evaluation results of 7 variants on 5000
 []


Underfull \hbox (badness 10000) in paragraph at lines 441--441
\TU/TimesNewRoman(0)/m/n/9 generated images. FID measures distribution distance from the
 []


Underfull \hbox (badness 10000) in paragraph at lines 441--441
\TU/TimesNewRoman(0)/m/n/9 content domain (lower indicates closer overall feature distribution
 []


Underfull \hbox (badness 10000) in paragraph at lines 441--441
\TU/TimesNewRoman(0)/m/n/9 to original content); Art-FID measures distribution distance from
 []


Underfull \hbox (badness 10000) in paragraph at lines 441--441
\TU/TimesNewRoman(0)/m/n/9 the style domain (lower indicates higher style similarity); LPIPS
 []


Underfull \hbox (badness 10000) in paragraph at lines 441--441
\TU/TimesNewRoman(0)/m/n/9 measures the degree of perceptual change (stylization inevitably
 []


Underfull \hbox (badness 10000) in paragraph at lines 441--441
\TU/TimesNewRoman(0)/m/n/9 introduces perceptual changes; moderate LPIPS values indicate
 []


Underfull \hbox (badness 10000) in paragraph at lines 441--441
\TU/TimesNewRoman(0)/m/n/9 effective style transfer while content remains recognizable). Bold
 []

File: figures/image4.pdf Graphic file (type pdf)
<use figures/image4.pdf>

Underfull \hbox (badness 10000) in paragraph at lines 469--469
[]\TU/TimesNewRoman(0)/b/n/9 Fig. 7. |\TU/TimesNewRoman(0)/m/n/9 Ranking heatmap of the 7 method variants across FID, Art-
 []

File: figures/image3.pdf Graphic file (type pdf)
<use figures/image3.pdf>

Underfull \hbox (badness 10000) in paragraph at lines 478--478
[]\TU/TimesNewRoman(0)/b/n/9 Fig. 8. |\TU/TimesNewRoman(0)/m/n/9 Content-style trade-off comparison of method variants on
 []


Underfull \hbox (badness 10000) in paragraph at lines 482--482
|[]\TU/Arial(0)/b/n/10 Gamma Intensity Coefficient Sensitivity
 []


Underfull \hbox (badness 10000) in paragraph at lines 488--488
[]\TU/TimesNewRoman(0)/b/n/9 Table 7. |\TU/TimesNewRoman(0)/m/n/9 Results of $\OML/cmm/m/it/9 ^^M$ \TU/TimesNewRoman(0)/m/n/9 intensity coefficient sensitivity analysis (5-
 []


Underfull \hbox (badness 10000) in paragraph at lines 488--488
\TU/TimesNewRoman(0)/m/n/9 processor configuration in \TU/CourierNew(0)/m/n/9 up_blocks.0.attentions.1\TU/TimesNewRoman(0)/m/n/9 ,
 []


Underfull \hbox (badness 10000) in paragraph at lines 488--488
\TU/TimesNewRoman(0)/m/n/9 but with more noticeable content change. Bold indicates our default
 []

File: figures/fig_ref_comprehensive.pdf Graphic file (type pdf)
<use figures/fig_ref_comprehensive.pdf>

Underfull \hbox (badness 10000) in paragraph at lines 509--509
[]\TU/TimesNewRoman(0)/b/n/9 Fig. 9. |\TU/TimesNewRoman(0)/m/n/9 Impact of $\OML/cmm/m/it/9 ^^M$ \TU/TimesNewRoman(0)/m/n/9 on FID, Art-FID, and LPIPS. As $\OML/cmm/m/it/9 ^^M$ \TU/TimesNewRoman(0)/m/n/9 increases,
 []


Underfull \hbox (badness 10000) in paragraph at lines 509--509
\TU/TimesNewRoman(0)/m/n/9 style fidelity generally improves but content change also increases;
 []

[6]
File: figures/fig_gamma_5blk.pdf Graphic file (type pdf)
<use figures/fig_gamma_5blk.pdf>

Underfull \hbox (badness 10000) in paragraph at lines 516--516
[]\TU/TimesNewRoman(0)/b/n/9 Fig. 10. |\TU/TimesNewRoman(0)/m/n/9 Style transfer results at different $\OML/cmm/m/it/9 ^^M$ \TU/TimesNewRoman(0)/m/n/9 values
 []


Underfull \hbox (badness 10000) in paragraph at lines 516--516
\TU/TimesNewRoman(0)/m/n/9 under the AdaIN-enabled 5-processor configuration in
 []


Underfull \hbox (badness 10000) in paragraph at lines 516--516
\TU/CourierNew(0)/m/n/9 up_blocks.0.attentions.1 \TU/TimesNewRoman(0)/m/n/9 (our method). From left to
 []


Underfull \hbox (badness 2653) in paragraph at lines 516--516
\TU/TimesNewRoman(0)/m/n/9 right: $\OML/cmm/m/it/9 ^^M \OT1/cmr/m/n/9 = 0\OML/cmm/m/it/9 :\OT1/cmr/m/n/9 2\OML/cmm/m/it/9 ; \OT1/cmr/m/n/9 0\OML/cmm/m/it/9 :\OT1/cmr/m/n/9 4\OML/cmm/m/it/9 ; \OT1/cmr/m/n/9 0\OML/cmm/m/it/9 :\OT1/cmr/m/n/9 8\OML/cmm/m/it/9 ; \OT1/cmr/m/n/9 1\OML/cmm/m/it/9 :\OT1/cmr/m/n/9 0$\TU/TimesNewRoman(0)/m/n/9 . Style texture becomes stronger as $\OML/cmm/m/it/9 ^^M$
 []


Underfull \hbox (badness 10000) in paragraph at lines 522--522
|[]\TU/Arial(0)/b/n/10 Qualitative Analysis of StyleKV Target
 []

File: figures/fig_block_compare.pdf Graphic file (type pdf)
<use figures/fig_block_compare.pdf>

Underfull \hbox (badness 10000) in paragraph at lines 529--529
[]\TU/TimesNewRoman(0)/b/n/9 Fig. 11. |\TU/TimesNewRoman(0)/m/n/9 Comparison of style transfer results under AdaIN-
 []


Underfull \hbox (badness 10000) in paragraph at lines 529--529
\TU/TimesNewRoman(0)/m/n/9 enabled 1-processor and 5-processor configurations in
 []


Underfull \hbox (badness 10000) in paragraph at lines 529--529
\TU/CourierNew(0)/m/n/9 up_blocks.0.attentions.1 \TU/TimesNewRoman(0)/m/n/9 at different $\OML/cmm/m/it/9 ^^M$ \TU/TimesNewRoman(0)/m/n/9 values. Top
 []


Underfull \hbox (badness 10000) in paragraph at lines 529--529
\TU/TimesNewRoman(0)/m/n/9 row: 1-proc StyleKV configuration; bottom row: 5-proc StyleKV
 []


Underfull \hbox (badness 10000) in paragraph at lines 529--529
\TU/TimesNewRoman(0)/m/n/9 configuration (our method). More target processors yield stronger
 []


Underfull \hbox (badness 10000) in paragraph at lines 529--529
\TU/TimesNewRoman(0)/m/n/9 style injection (more pronounced style texture in the bottom
 []


Underfull \hbox (badness 10000) in paragraph at lines 529--529
\TU/TimesNewRoman(0)/m/n/9 row) while still maintaining good content structure in the shown
 []

File: figures/fig_gamma_10blk.pdf Graphic file (type pdf)
<use figures/fig_gamma_10blk.pdf>

Underfull \hbox (badness 10000) in paragraph at lines 536--536
[]\TU/TimesNewRoman(0)/b/n/9 Fig. 12. |\TU/TimesNewRoman(0)/m/n/9 Style transfer results under the AdaIN-enabled 10-processor
 []


Underfull \hbox (badness 10000) in paragraph at lines 536--536
\TU/TimesNewRoman(0)/m/n/9 configuration in \TU/CourierNew(0)/m/n/9 up_blocks.0.attentions.1 \TU/TimesNewRoman(0)/m/n/9 at different $\OML/cmm/m/it/9 ^^M$
 []


Underfull \hbox (badness 10000) in paragraph at lines 536--536
\TU/TimesNewRoman(0)/m/n/9 values. Compared with the 5-proc configuration in the same block,
 []


Underfull \hbox (badness 10000) in paragraph at lines 536--536
\TU/TimesNewRoman(0)/m/n/9 10-proc yields stronger style injection at the same $\OML/cmm/m/it/9 ^^M$\TU/TimesNewRoman(0)/m/n/9 , but content
 []


Underfull \hbox (badness 10000) in paragraph at lines 544--544
|[]\TU/TimesNewRoman(0)/m/it/10 Comparison of Different Block/Processor
 []


Underfull \hbox (badness 10000) in paragraph at lines 550--550
[]\TU/TimesNewRoman(0)/b/n/9 Table 8. |\TU/TimesNewRoman(0)/m/n/9 Qualitative comparison of different target block counts and
 []


Underfull \hbox (badness 10000) in paragraph at lines 550--550
\TU/TimesNewRoman(0)/m/n/9 AdaIN configurations. Configurations using AdaIN exhibit better
 []


Underfull \hbox (badness 10000) in paragraph at lines 550--550
\TU/TimesNewRoman(0)/m/n/9 color coordination and more uniform style coverage; configurations
 []


Underfull \hbox (badness 10000) in paragraph at lines 550--550
\TU/TimesNewRoman(0)/m/n/9 without AdaIN show stronger style transfer but more noticeable
 []

File: figures/fig_adain_compare.pdf Graphic file (type pdf)
<use figures/fig_adain_compare.pdf>

Underfull \hbox (badness 10000) in paragraph at lines 569--569
[]\TU/TimesNewRoman(0)/b/n/9 Fig. 13. |\TU/TimesNewRoman(0)/m/n/9 Impact of the AdaIN module on style transfer (1-block
 []


Underfull \hbox (badness 10000) in paragraph at lines 569--569
\TU/TimesNewRoman(0)/m/n/9 configuration). Top row: results with AdaIN; bottom row: results
 []


Underfull \hbox (badness 10000) in paragraph at lines 569--569
\TU/TimesNewRoman(0)/m/n/9 without AdaIN. The AdaIN module improves color coordination
 []


Underfull \hbox (badness 10000) in paragraph at lines 569--569
\TU/TimesNewRoman(0)/m/n/9 and overall atmospheric consistency, with the difference being more
 []

[7]
Underfull \hbox (badness 10000) in paragraph at lines 581--581
|[]\TU/TimesNewRoman(0)/m/it/10 Trade-off Between Canny Edge Map Resolution and
 []

File: figures/fig_canny_res.pdf Graphic file (type pdf)
<use figures/fig_canny_res.pdf>

Underfull \hbox (badness 10000) in paragraph at lines 588--588
[]\TU/TimesNewRoman(0)/b/n/9 Fig. 14. |\TU/TimesNewRoman(0)/m/n/9 Comparison of structural conditions and generation results
 []


Underfull \hbox (badness 10000) in paragraph at lines 588--588
\TU/TimesNewRoman(0)/m/n/9 at different Canny resolutions. Left column: Canny edge maps; right
 []


Underfull \hbox (badness 10000) in paragraph at lines 588--588
\TU/TimesNewRoman(0)/m/n/9 column: corresponding stylized outputs, with the reference style
 []


Underfull \hbox (badness 10000) in paragraph at lines 594--594
[]\TU/TimesNewRoman(0)/b/n/9 Table 9. |\TU/TimesNewRoman(0)/m/n/9 Canny resolution vs. inference time. Higher resolution
 []


Underfull \hbox (badness 10000) in paragraph at lines 594--594
\TU/TimesNewRoman(0)/m/n/9 provides richer structure but increases latency and may introduce
 []

[8]
File: figures/fig_gradio.pdf Graphic file (type pdf)
<use figures/fig_gradio.pdf>

Underfull \hbox (badness 10000) in paragraph at lines 641--641
[]\TU/TimesNewRoman(0)/b/n/9 Fig. 15. |\TU/TimesNewRoman(0)/m/n/9 Interface of the StyleKV Control Studio interactive
 []


Underfull \hbox (badness 10000) in paragraph at lines 641--641
\TU/TimesNewRoman(0)/m/n/9 frontend. Through the left panel, users can upload content and
 []


Underfull \hbox (badness 10000) in paragraph at lines 641--641
\TU/TimesNewRoman(0)/m/n/9 style images, adjust ControlNet/Canny parameters, set AdaIN fusion
 []


Underfull \hbox (badness 10000) in paragraph at lines 641--641
\TU/TimesNewRoman(0)/m/n/9 coefficients, and configure generation parameters; the right panel
 []


Underfull \hbox (badness 10000) in paragraph at lines 641--641
\TU/TimesNewRoman(0)/m/n/9 displays real-time Canny edge map previews and stylized output
 []


Underfull \hbox (badness 10000) in paragraph at lines 650--650
|[]\TU/Arial(0)/b/n/10 Quantitative Comparison with Existing
 []


Underfull \hbox (badness 10000) in paragraph at lines 659--659
|[]\TU/Arial(0)/b/n/10 Cross-Architecture Adaptation and
 []


Underfull \hbox (badness 1038) in paragraph at lines 666--667
\TU/TimesNewRoman(0)/m/n/10 Currently, we only test naive AdaIN configurations 
 []


Underfull \hbox (badness 5878) in paragraph at lines 666--667
\TU/TimesNewRoman(0)/m/n/10 with 1, 5, or 10 self-attention processors in 
 []


Underfull \hbox (badness 1533) in paragraph at lines 666--667
\TU/TimesNewRoman(0)/m/n/10 mapping to provide a theoretical basis for method 
 []

[9]
Underfull \hbox (badness 10000) in paragraph at lines 687--687
[]\TU/TimesNewRoman(0)/b/n/9 Table 10. |\TU/TimesNewRoman(0)/m/n/9 Major limitations of our method and corresponding
 []

[10]

Package caption Warning: The option `hypcap=true' will be ignored for this
(caption)                particular \caption on input line 801.
See the caption package documentation for explanation.


Underfull \hbox (badness 10000) in paragraph at lines 801--801
[]\TU/TimesNewRoman(0)/b/n/9 Table 11. |[]\TU/TimesNewRoman(0)/m/n/9 Complete quantitative data of the 7 variants (consistent
 []


Package caption Warning: The option `hypcap=true' will be ignored for this
(caption)                particular \caption on input line 826.
See the caption package documentation for explanation.


Underfull \hbox (badness 10000) in paragraph at lines 826--826
[]\TU/TimesNewRoman(0)/b/n/9 Table 12. |[]\TU/TimesNewRoman(0)/m/n/9 Complete $\OML/cmm/m/it/9 ^^M$ \TU/TimesNewRoman(0)/m/n/9 ablation experiment data (5-processor
 []


Underfull \hbox (badness 10000) in paragraph at lines 826--826
\TU/TimesNewRoman(0)/m/n/9 configuration in \TU/CourierNew(0)/m/n/9 up_blocks.0.attentions.1 \TU/TimesNewRoman(0)/m/n/9 + AdaIN +
 []

[11] (./paper_revised_en.aux)
 ***********
LaTeX2e <2025-11-01>
L3 programming layer <2026-01-19>
 ***********
Package rerunfilecheck Info: File `paper_revised_en.out' has not changed.
(rerunfilecheck)             Checksum: 04FB6DAD2322C9DB5C17329D4D4627AF;9021.
 ) 
Here is how much of TeX's memory you used:
 16809 strings out of 470139
 322912 string characters out of 5477718
 814729 words of memory out of 5000000
 45146 multiletter control sequences out of 15000+600000
 634833 words of font info for 118 fonts, out of 8000000 for 9000
 36 hyphenation exceptions out of 8191
 73i,15n,93p,1504b,546s stack positions out of 10000i,1000n,20000p,200000b,200000s

Output written on paper_revised_en.pdf (11 pages).
